03/31/2022 09:56:08 PM - ERROR - setup.py already exist
03/31/2022 10:49:42 PM - INFO - generating setup.py for package test done
12/18/2023 07:18:27 PM - ERROR - provide project name
12/18/2023 07:18:38 PM - ERROR - tool is not operational
12/18/2023 07:18:40 PM - ERROR - provide project name
12/18/2023 08:16:58 PM - ERROR - provide project name
12/18/2023 08:17:00 PM - ERROR - setup.py already exist
12/18/2023 08:17:02 PM - ERROR - tool is not operational
12/18/2023 08:17:03 PM - ERROR - provide project name
12/18/2023 08:17:48 PM - ERROR - provide project name
12/18/2023 08:17:51 PM - ERROR - setup.py already exist
12/18/2023 08:17:52 PM - ERROR - tool is not operational
12/18/2023 08:17:54 PM - ERROR - provide project name
12/19/2023 06:50:02 PM - ERROR - provide project name
12/19/2023 06:50:04 PM - ERROR - setup.py already exist
12/19/2023 06:50:06 PM - ERROR - setup.py already exist
12/19/2023 06:50:07 PM - ERROR - tool is not operational
12/19/2023 06:50:09 PM - ERROR - provide project name
12/19/2023 06:56:27 PM - ERROR - provide project name
12/19/2023 06:56:29 PM - ERROR - setup.py already exist
12/19/2023 06:56:30 PM - ERROR - tool is not operational
12/19/2023 06:56:32 PM - ERROR - provide project name
12/19/2023 06:59:42 PM - ERROR - provide project name
12/19/2023 07:00:59 PM - INFO - gen setup.py fresh_new done
12/19/2023 07:01:01 PM - ERROR - tool is not operational
12/19/2023 07:01:03 PM - ERROR - provide project name
12/19/2023 07:01:17 PM - ERROR - provide project name
12/19/2023 07:01:19 PM - ERROR - tool is not operational
12/19/2023 07:01:21 PM - ERROR - provide project name
12/19/2023 07:09:33 PM - ERROR - provide project name
12/19/2023 07:09:34 PM - ERROR - tool is not operational
12/19/2023 07:09:36 PM - ERROR - provide project name
12/19/2023 07:14:18 PM - ERROR - provide project name
12/19/2023 07:14:19 PM - ERROR - tool is not operational
12/19/2023 07:14:21 PM - ERROR - provide project name
12/19/2023 07:16:03 PM - ERROR - provide project name
12/19/2023 07:16:05 PM - ERROR - tool is not operational
12/19/2023 07:16:07 PM - ERROR - provide project name
12/19/2023 07:16:37 PM - ERROR - provide project name
12/19/2023 07:17:16 PM - INFO - gen setup.py fresh_new done
12/19/2023 07:17:18 PM - ERROR - tool is not operational
12/19/2023 07:17:19 PM - ERROR - provide project name
12/19/2023 07:20:02 PM - ERROR - provide project name
12/19/2023 07:20:04 PM - ERROR - tool is not operational
12/19/2023 07:20:05 PM - ERROR - provide project name
12/19/2023 07:21:49 PM - ERROR - provide project name
12/19/2023 07:21:51 PM - ERROR - tool is not operational
12/19/2023 07:21:52 PM - ERROR - provide project name
12/19/2023 07:22:42 PM - ERROR - provide project name
12/19/2023 07:22:48 PM - INFO - gen setup.py latest done
12/19/2023 07:22:50 PM - ERROR - tool is not operational
12/19/2023 07:22:52 PM - ERROR - provide project name
12/19/2023 07:25:33 PM - ERROR - provide project name
12/19/2023 07:25:35 PM - INFO - gen setup.py latest done
12/19/2023 07:25:37 PM - ERROR - tool is not operational
12/19/2023 07:25:38 PM - ERROR - provide project name
12/20/2023 07:28:00 PM - ERROR - provide project name
12/20/2023 07:28:03 PM - INFO - gen setup.py latest done
12/20/2023 07:28:04 PM - ERROR - tool is not operational
12/20/2023 07:28:06 PM - ERROR - provide project name
12/20/2023 07:34:43 PM - ERROR - provide project name
12/20/2023 07:34:46 PM - INFO - gen setup.py latest done
12/20/2023 07:34:48 PM - ERROR - tool is not operational
12/20/2023 07:34:49 PM - ERROR - provide project name
12/20/2023 07:42:41 PM - ERROR - provide project name
12/20/2023 07:42:45 PM - INFO - gen setup.py simple_project done
12/20/2023 07:42:47 PM - ERROR - tool is not operational
12/20/2023 07:42:49 PM - ERROR - provide project name
12/20/2023 07:46:36 PM - ERROR - provide project name
12/20/2023 07:46:39 PM - INFO - gen setup.py simple_project done
12/20/2023 07:46:41 PM - ERROR - tool is not operational
12/20/2023 07:46:42 PM - ERROR - provide project name
12/20/2023 07:48:07 PM - ERROR - provide project name
12/20/2023 07:48:09 PM - INFO - gen setup.py simple_project done
12/20/2023 07:48:11 PM - ERROR - tool is not operational
12/20/2023 07:48:13 PM - ERROR - provide project name
12/20/2023 07:51:24 PM - ERROR - provide project name
12/20/2023 07:51:27 PM - INFO - gen setup.py simple_project done
12/20/2023 07:51:28 PM - ERROR - tool is not operational
12/20/2023 07:51:30 PM - ERROR - provide project name
12/20/2023 07:57:56 PM - ERROR - provide project name
12/20/2023 07:57:59 PM - INFO - gen setup.py simple_project done
12/20/2023 07:58:01 PM - ERROR - tool is not operational
12/20/2023 07:58:02 PM - ERROR - provide project name
12/20/2023 08:02:33 PM - ERROR - provide project name
12/20/2023 08:02:37 PM - ERROR - tool is not operational
12/20/2023 08:02:38 PM - ERROR - provide project name
12/20/2023 08:06:40 PM - ERROR - provide project name
12/20/2023 08:06:42 PM - INFO - gen setup.py simple_project done
12/20/2023 08:06:44 PM - ERROR - tool is not operational
12/20/2023 08:06:46 PM - ERROR - provide project name
12/20/2023 08:13:18 PM - ERROR - provide project name
12/20/2023 08:13:20 PM - INFO - gen setup.py simple_project done
12/20/2023 08:13:22 PM - ERROR - tool is not operational
12/20/2023 08:13:24 PM - ERROR - provide project name
12/20/2023 08:15:34 PM - ERROR - provide project name
12/20/2023 08:15:37 PM - INFO - gen setup.py simple_project done
12/20/2023 08:15:38 PM - ERROR - tool is not operational
12/20/2023 08:15:40 PM - ERROR - provide project name
12/20/2023 08:18:28 PM - INFO - gen setup.py simple_project done
12/20/2023 08:18:31 PM - ERROR - provide project name
12/20/2023 08:18:34 PM - INFO - gen setup.py simple_project done
12/20/2023 08:18:36 PM - ERROR - tool is not operational
12/20/2023 08:18:37 PM - ERROR - provide project name
12/20/2023 08:23:57 PM - INFO - gen setup.py simple_project done
12/20/2023 08:24:00 PM - ERROR - provide project name
12/20/2023 08:24:02 PM - INFO - gen setup.py simple_project done
12/20/2023 08:24:04 PM - ERROR - tool is not operational
12/20/2023 08:24:05 PM - ERROR - provide project name
12/20/2023 08:28:12 PM - INFO - gen setup.py simple_project done
12/20/2023 08:28:15 PM - ERROR - provide project name
12/20/2023 08:28:18 PM - INFO - gen setup.py simple_project done
12/20/2023 08:28:20 PM - INFO - gen setup.py simple_project done
12/20/2023 08:28:21 PM - ERROR - tool is not operational
12/20/2023 08:28:23 PM - ERROR - provide project name
12/20/2023 09:16:24 PM - INFO - gen setup.py simple_project done
12/20/2023 09:16:27 PM - ERROR - provide project name
12/20/2023 09:16:30 PM - INFO - gen setup.py simple_project done
12/20/2023 09:16:32 PM - INFO - gen setup.py simple_project done
12/20/2023 09:16:34 PM - ERROR - tool is not operational
12/20/2023 09:16:36 PM - ERROR - provide project name
